twitter-mopub/build/outputs/logs/manifest-merger-debug-report.txt
-- Merging decision tree log ---
manifest
ADDED from src\main\AndroidManifest.xml:18:1-38:12
INJECTED from src\main\AndroidManifest.xml:18:1-38:12
INJECTED from src\main\AndroidManifest.xml:18:1-38:12
INJECTED from src\main\AndroidManifest.xml:18:1-38:12
INJECTED from src\main\AndroidManifest.xml:18:1-38:12
INJECTED from src\main\AndroidManifest.xml:18:1-38:12
INJECTED from src\main\AndroidManifest.xml:18:1-38:12
	package
		ADDED from src\main\AndroidManifest.xml:19:5-44
		INJECTED from src\main\AndroidManifest.xml
		INJECTED from src\main\AndroidManifest.xml
	android:versionName
		INJECTED from src\main\AndroidManifest.xml
		ADDED from src\main\AndroidManifest.xml:18:1-38:12
		INJECTED from src\main\AndroidManifest.xml
	android:versionCode
		INJECTED from src\main\AndroidManifest.xml
		ADDED from src\main\AndroidManifest.xml:18:1-38:12
		INJECTED from src\main\AndroidManifest.xml
	xmlns:android
		ADDED from src\main\AndroidManifest.xml:20:5-63
uses-permission#android.permission.ACCESS_NETWORK_STATE
ADDED from src\main\AndroidManifest.xml:22:5-79
	android:name
		ADDED from src\main\AndroidManifest.xml:22:22-76
application
ADDED from src\main\AndroidManifest.xml:24:5-37:19
activity#com.mopub.mobileads.MoPubActivity
ADDED from src\main\AndroidManifest.xml:25:9-27:76
	android:configChanges
		ADDED from src\main\AndroidManifest.xml:27:13-74
	android:name
		ADDED from src\main\AndroidManifest.xml:26:13-61
activity#com.mopub.mobileads.MraidActivity
ADDED from src\main\AndroidManifest.xml:28:9-30:76
	android:configChanges
		ADDED from src\main\AndroidManifest.xml:30:13-74
	android:name
		ADDED from src\main\AndroidManifest.xml:29:13-61
activity#com.mopub.common.MoPubBrowser
ADDED from src\main\AndroidManifest.xml:31:9-33:76
	android:configChanges
		ADDED from src\main\AndroidManifest.xml:33:13-74
	android:name
		ADDED from src\main\AndroidManifest.xml:32:13-57
activity#com.mopub.mobileads.MraidVideoPlayerActivity
ADDED from src\main\AndroidManifest.xml:34:9-36:76
	android:configChanges
		ADDED from src\main\AndroidManifest.xml:36:13-74
	android:name
		ADDED from src\main\AndroidManifest.xml:35:13-72
uses-sdk
INJECTED from src\main\AndroidManifest.xml reason: use-sdk injection requested
INJECTED from src\main\AndroidManifest.xml
INJECTED from src\main\AndroidManifest.xml
	android:minSdkVersion
		INJECTED from src\main\AndroidManifest.xml
		ADDED from src\main\AndroidManifest.xml
		INJECTED from src\main\AndroidManifest.xml